#
# There is insufficient memory for the Java Runtime Environment to continue.
# Native memory allocation (malloc) failed to allocate 1090416 bytes for Chunk::new
# Possible reasons:
#   The system is out of physical RAM or swap space
#   The process is running with CompressedOops enabled, and the Java Heap may be blocking the growth of the native heap
# Possible solutions:
#   Reduce memory load on the system
#   Increase physical memory or swap space
#   Check if swap backing store is full
#   Decrease Java heap size (-Xmx/-Xms)
#   Decrease number of Java threads
#   Decrease Java thread stack sizes (-Xss)
#   Set larger code cache with -XX:ReservedCodeCacheSize=
#   JVM is running with Unscaled Compressed Oops mode in which the Java heap is
#     placed in the first 4GB address space. The Java Heap base address is the
#     maximum limit for the native heap growth. Please use -XX:HeapBaseMinAddress
#     to set the Java Heap base and to place the Java Heap above 4GB virtual address.
# This output file may be truncated or incomplete.
#
#  Out of Memory Error (./src/hotspot/share/memory/arena.cpp:197), pid=10856, tid=16140
#
# JRE version: OpenJDK Runtime Environment (11.0.11+9) (build 11.0.11+9-b60-7590822)
# Java VM: OpenJDK 64-Bit Server VM (11.0.11+9-b60-7590822, mixed mode, tiered, compressed oops, g1 gc, windows-amd64)
# No core dump will be written. Minidumps are not enabled by default on client versions of Windows
#

---------------  S U M M A R Y ------------

Command Line: --add-opens=java.base/java.util=ALL-UNNAMED --add-opens=java.base/java.lang=ALL-UNNAMED --add-opens=java.base/java.lang.invoke=ALL-UNNAMED --add-opens=java.base/java.util=ALL-UNNAMED --add-opens=java.prefs/java.util.prefs=ALL-UNNAMED --add-opens=java.prefs/java.util.prefs=ALL-UNNAMED --add-opens=java.base/java.nio.charset=ALL-UNNAMED --add-opens=java.base/java.net=ALL-UNNAMED --add-opens=java.base/java.util.concurrent.atomic=ALL-UNNAMED -Xmx1536M -Dfile.encoding=windows-1252 -Duser.country=FR -Duser.language=fr -Duser.variant org.gradle.launcher.daemon.bootstrap.GradleDaemon 7.4

Host: Intel(R) Core(TM) i5-7200U CPU @ 2.50GHz, 4 cores, 7G,  Windows 10 , 64 bit Build 19041 (10.0.19041.2546)
Time: Thu Apr  6 15:17:16 2023 Paris, Madrid elapsed time: 59.153653 seconds (0d 0h 0m 59s)

---------------  T H R E A D  ---------------

Current thread (0x00000231ee19a800):  JavaThread "C2 CompilerThread0" daemon [_thread_in_native, id=16140, stack(0x0000005db7400000,0x0000005db7500000)]


Current CompileTask:
C2:  59154 6545       4       java.util.TreeMap::put (247 bytes)

Stack: [0x0000005db7400000,0x0000005db7500000]
Native frames: (J=compiled Java code, j=interpreted, Vv=VM code, C=native code)
V  [jvm.dll+0x5f214a]
V  [jvm.dll+0x726fb5]
V  [jvm.dll+0x7285cd]
V  [jvm.dll+0x728c83]
V  [jvm.dll+0x243278]
V  [jvm.dll+0xbc53c]
V  [jvm.dll+0xbca3c]
V  [jvm.dll+0x353e3b]
V  [jvm.dll+0x321893]
V  [jvm.dll+0x320d8a]
V  [jvm.dll+0x1fc1e2]
V  [jvm.dll+0x1fb3d4]
V  [jvm.dll+0x183d6c]
V  [jvm.dll+0x209a57]
V  [jvm.dll+0x2082a1]
V  [jvm.dll+0x6ef58f]
V  [jvm.dll+0x6e80b5]
V  [jvm.dll+0x5f1036]
C  [ucrtbase.dll+0x21bb2]
C  [KERNEL32.DLL+0x17614]
C  [ntdll.dll+0x526a1]


---------------  P R O C E S S  ---------------

Threads class SMR info:
_java_thread_list=0x00000231f3990f40, length=79, elements={
0x00000231d4f01800, 0x00000231ed7de000, 0x00000231ed7e7800, 0x00000231ee193800,
0x00000231ee195800, 0x00000231ee197000, 0x00000231ee19a800, 0x00000231ee1a2800,
0x00000231ed7fb000, 0x00000231ee2e0800, 0x00000231eeb90800, 0x00000231f02ac000,
0x00000231eeffb800, 0x00000231ef893800, 0x00000231eeffc800, 0x00000231ef398000,
0x00000231ef961000, 0x00000231ef400000, 0x00000231efb75000, 0x00000231ef39c800,
0x00000231ef39d800, 0x00000231ef3a0000, 0x00000231ef39e800, 0x00000231ef39f000,
0x00000231ef39a000, 0x00000231ef3a1000, 0x00000231ef39b000, 0x00000231ef39c000,
0x00000231f1218000, 0x00000231f1218800, 0x00000231f1219800, 0x00000231f121a800,
0x00000231f121b000, 0x00000231f121d000, 0x00000231f1217000, 0x00000231f121e800,
0x00000231f121d800, 0x00000231f1222800, 0x00000231f1225000, 0x00000231f121f800,
0x00000231f1220000, 0x00000231f1221800, 0x00000231f1224000, 0x00000231f1221000,
0x00000231f1223800, 0x00000231efbcb800, 0x00000231efbc7800, 0x00000231efbcc800,
0x00000231efbcd000, 0x00000231efbca800, 0x00000231efbc8000, 0x00000231efbce000,
0x00000231efbce800, 0x00000231efbc9000, 0x00000231efbcf800, 0x00000231efbca000,
0x00000231efbd1000, 0x00000231efbd2000, 0x00000231efbd5000, 0x00000231efbd3000,
0x00000231efbd4800, 0x00000231efbd3800, 0x00000231efbd6000, 0x00000231efbd0800,
0x00000231f1dac800, 0x00000231f1dab800, 0x00000231f1dad800, 0x00000231f1dae000,
0x00000231f1daf000, 0x00000231f1daf800, 0x00000231f1db0800, 0x00000231f1dab000,
0x00000231f1db4800, 0x00000231f1db2000, 0x00000231f1db6800, 0x00000231f1db5800,
0x00000231f1db7000, 0x00000231f1db3000, 0x00000231f191e800
}

Java Threads: ( => current thread )
  0x00000231d4f01800 JavaThread "main" [_thread_blocked, id=11268, stack(0x0000005db6800000,0x0000005db6900000)]
  0x00000231ed7de000 JavaThread "Reference Handler" daemon [_thread_blocked, id=11212, stack(0x0000005db6f00000,0x0000005db7000000)]
  0x00000231ed7e7800 JavaThread "Finalizer" daemon [_thread_blocked, id=12740, stack(0x0000005db7000000,0x0000005db7100000)]
  0x00000231ee193800 JavaThread "Signal Dispatcher" daemon [_thread_blocked, id=6832, stack(0x0000005db7100000,0x0000005db7200000)]
  0x00000231ee195800 JavaThread "Attach Listener" daemon [_thread_blocked, id=524, stack(0x0000005db7200000,0x0000005db7300000)]
  0x00000231ee197000 JavaThread "Service Thread" daemon [_thread_blocked, id=15612, stack(0x0000005db7300000,0x0000005db7400000)]
=>0x00000231ee19a800 JavaThread "C2 CompilerThread0" daemon [_thread_in_native, id=16140, stack(0x0000005db7400000,0x0000005db7500000)]
  0x00000231ee1a2800 JavaThread "C1 CompilerThread0" daemon [_thread_blocked, id=7912, stack(0x0000005db7500000,0x0000005db7600000)]
  0x00000231ed7fb000 JavaThread "Sweeper thread" daemon [_thread_blocked, id=11744, stack(0x0000005db7600000,0x0000005db7700000)]
  0x00000231ee2e0800 JavaThread "Common-Cleaner" daemon [_thread_blocked, id=12652, stack(0x0000005db7700000,0x0000005db7800000)]
  0x00000231eeb90800 JavaThread "Daemon health stats" [_thread_blocked, id=13956, stack(0x0000005db7900000,0x0000005db7a00000)]
  0x00000231f02ac000 JavaThread "Incoming local TCP Connector on port 53300" [_thread_in_native, id=6436, stack(0x0000005db7c00000,0x0000005db7d00000)]
  0x00000231eeffb800 JavaThread "Daemon periodic checks" [_thread_blocked, id=7004, stack(0x0000005db7d00000,0x0000005db7e00000)]
  0x00000231ef893800 JavaThread "Daemon" [_thread_blocked, id=11780, stack(0x0000005db7e00000,0x0000005db7f00000)]
  0x00000231eeffc800 JavaThread "Handler for socket connection from /127.0.0.1:53300 to /127.0.0.1:53301" [_thread_in_native, id=3172, stack(0x0000005db7f00000,0x0000005db8000000)]
  0x00000231ef398000 JavaThread "Cancel handler" [_thread_blocked, id=7916, stack(0x0000005db8000000,0x0000005db8100000)]
  0x00000231ef961000 JavaThread "Daemon worker" [_thread_in_native, id=16108, stack(0x0000005db8100000,0x0000005db8200000)]
  0x00000231ef400000 JavaThread "Asynchronous log dispatcher for DefaultDaemonConnection: socket connection from /127.0.0.1:53300 to /127.0.0.1:53301" [_thread_blocked, id=15104, stack(0x0000005db8200000,0x0000005db8300000)]
  0x00000231efb75000 JavaThread "Stdin handler" [_thread_blocked, id=13812, stack(0x0000005db8300000,0x0000005db8400000)]
  0x00000231ef39c800 JavaThread "Daemon client event forwarder" [_thread_blocked, id=1764, stack(0x0000005db8400000,0x0000005db8500000)]
  0x00000231ef39d800 JavaThread "Cache worker for journal cache (C:\Users\ASUS CORE I5\.gradle\caches\journal-1)" [_thread_blocked, id=8268, stack(0x0000005db8600000,0x0000005db8700000)]
  0x00000231ef3a0000 JavaThread "File lock request listener" [_thread_in_native, id=12792, stack(0x0000005db8700000,0x0000005db8800000)]
  0x00000231ef39e800 JavaThread "Cache worker for file hash cache (C:\Users\ASUS CORE I5\.gradle\caches\7.4\fileHashes)" [_thread_blocked, id=7896, stack(0x0000005db8800000,0x0000005db8900000)]
  0x00000231ef39f000 JavaThread "File watcher server" daemon [_thread_in_native, id=6912, stack(0x0000005db8900000,0x0000005db8a00000)]
  0x00000231ef39a000 JavaThread "File watcher consumer" daemon [_thread_blocked, id=4792, stack(0x0000005db8a00000,0x0000005db8b00000)]
  0x00000231ef3a1000 JavaThread "Cache worker for checksums cache (C:\Users\ASUS CORE I5\Desktop\TrackingApp\trackingApp\android\.gradle\7.4\checksums)" [_thread_blocked, id=3668, stack(0x0000005db8b00000,0x0000005db8c00000)]
  0x00000231ef39b000 JavaThread "Cache worker for cache directory md-rule (C:\Users\ASUS CORE I5\.gradle\caches\7.4\md-rule)" [_thread_blocked, id=13032, stack(0x0000005db8c00000,0x0000005db8d00000)]
  0x00000231ef39c000 JavaThread "Cache worker for file hash cache (C:\Users\ASUS CORE I5\Desktop\TrackingApp\trackingApp\android\.gradle\7.4\fileHashes)" [_thread_blocked, id=8848, stack(0x0000005db8d00000,0x0000005db8e00000)]
  0x00000231f1218000 JavaThread "Cache worker for cache directory md-supplier (C:\Users\ASUS CORE I5\.gradle\caches\7.4\md-supplier)" [_thread_blocked, id=7772, stack(0x0000005db8e00000,0x0000005db8f00000)]
  0x00000231f1218800 JavaThread "Cache worker for execution history cache (C:\Users\ASUS CORE I5\.gradle\caches\7.4\executionHistory)" [_thread_blocked, id=13676, stack(0x0000005db8f00000,0x0000005db9000000)]
  0x00000231f1219800 JavaThread "jar transforms" [_thread_blocked, id=1436, stack(0x0000005db9100000,0x0000005db9200000)]
  0x00000231f121a800 JavaThread "jar transforms Thread 2" [_thread_blocked, id=4852, stack(0x0000005db9200000,0x0000005db9300000)]
  0x00000231f121b000 JavaThread "Cache worker for file content cache (C:\Users\ASUS CORE I5\.gradle\caches\7.4\fileContent)" [_thread_blocked, id=8676, stack(0x0000005db9000000,0x0000005db9100000)]
  0x00000231f121d000 JavaThread "jar transforms Thread 3" [_thread_blocked, id=13740, stack(0x0000005db9400000,0x0000005db9500000)]
  0x00000231f1217000 JavaThread "jar transforms Thread 4" [_thread_blocked, id=13880, stack(0x0000005db9500000,0x0000005db9600000)]
  0x00000231f121e800 JavaThread "Cache worker for dependencies-accessors (C:\Users\ASUS CORE I5\Desktop\TrackingApp\trackingApp\android\.gradle\7.4\dependencies-accessors)" [_thread_blocked, id=8732, stack(0x0000005db9600000,0x0000005db9700000)]
  0x00000231f121d800 JavaThread "Cache worker for Build Output Cleanup Cache (C:\Users\ASUS CORE I5\Desktop\TrackingApp\trackingApp\android\.gradle\buildOutputCleanup)" [_thread_blocked, id=12952, stack(0x0000005db9700000,0x0000005db9800000)]
  0x00000231f1222800 JavaThread "Unconstrained build operations" [_thread_blocked, id=15196, stack(0x0000005db9300000,0x0000005db9400000)]
  0x00000231f1225000 JavaThread "Unconstrained build operations Thread 2" [_thread_blocked, id=4444, stack(0x0000005db9800000,0x0000005db9900000)]
  0x00000231f121f800 JavaThread "Unconstrained build operations Thread 3" [_thread_blocked, id=2528, stack(0x0000005db9900000,0x0000005db9a00000)]
  0x00000231f1220000 JavaThread "Unconstrained build operations Thread 4" [_thread_blocked, id=11468, stack(0x0000005db9a00000,0x0000005db9b00000)]
  0x00000231f1221800 JavaThread "Unconstrained build operations Thread 5" [_thread_blocked, id=252, stack(0x0000005db9b00000,0x0000005db9c00000)]
  0x00000231f1224000 JavaThread "Unconstrained build operations Thread 6" [_thread_blocked, id=12024, stack(0x0000005db9c00000,0x0000005db9d00000)]
  0x00000231f1221000 JavaThread "Unconstrained build operations Thread 7" [_thread_blocked, id=15504, stack(0x0000005db9d00000,0x0000005db9e00000)]
  0x00000231f1223800 JavaThread "Unconstrained build operations Thread 8" [_thread_blocked, id=2660, stack(0x0000005db9e00000,0x0000005db9f00000)]
  0x00000231efbcb800 JavaThread "Unconstrained build operations Thread 9" [_thread_blocked, id=6172, stack(0x0000005db9f00000,0x0000005dba000000)]
  0x00000231efbc7800 JavaThread "Unconstrained build operations Thread 10" [_thread_blocked, id=9312, stack(0x0000005dba000000,0x0000005dba100000)]
  0x00000231efbcc800 JavaThread "Unconstrained build operations Thread 11" [_thread_blocked, id=10144, stack(0x0000005dba100000,0x0000005dba200000)]
  0x00000231efbcd000 JavaThread "Unconstrained build operations Thread 12" [_thread_blocked, id=9348, stack(0x0000005dba200000,0x0000005dba300000)]
  0x00000231efbca800 JavaThread "Unconstrained build operations Thread 13" [_thread_blocked, id=11420, stack(0x0000005dba300000,0x0000005dba400000)]
  0x00000231efbc8000 JavaThread "Unconstrained build operations Thread 14" [_thread_blocked, id=12408, stack(0x0000005dba400000,0x0000005dba500000)]
  0x00000231efbce000 JavaThread "Unconstrained build operations Thread 15" [_thread_blocked, id=14400, stack(0x0000005dba500000,0x0000005dba600000)]
  0x00000231efbce800 JavaThread "Unconstrained build operations Thread 16" [_thread_blocked, id=6728, stack(0x0000005dba600000,0x0000005dba700000)]
  0x00000231efbc9000 JavaThread "Unconstrained build operations Thread 17" [_thread_blocked, id=11860, stack(0x0000005dba700000,0x0000005dba800000)]
  0x00000231efbcf800 JavaThread "Unconstrained build operations Thread 18" [_thread_blocked, id=13916, stack(0x0000005dba800000,0x0000005dba900000)]
  0x00000231efbca000 JavaThread "Unconstrained build operations Thread 19" [_thread_blocked, id=4512, stack(0x0000005dba900000,0x0000005dbaa00000)]
  0x00000231efbd1000 JavaThread "Unconstrained build operations Thread 20" [_thread_blocked, id=6548, stack(0x0000005dbaa00000,0x0000005dbab00000)]
  0x00000231efbd2000 JavaThread "Unconstrained build operations Thread 21" [_thread_blocked, id=11176, stack(0x0000005dbab00000,0x0000005dbac00000)]
  0x00000231efbd5000 JavaThread "Unconstrained build operations Thread 22" [_thread_blocked, id=13632, stack(0x0000005dbac00000,0x0000005dbad00000)]
  0x00000231efbd3000 JavaThread "Unconstrained build operations Thread 23" [_thread_blocked, id=8704, stack(0x0000005dbad00000,0x0000005dbae00000)]
  0x00000231efbd4800 JavaThread "Unconstrained build operations Thread 24" [_thread_blocked, id=3060, stack(0x0000005dbae00000,0x0000005dbaf00000)]
  0x00000231efbd3800 JavaThread "Unconstrained build operations Thread 25" [_thread_blocked, id=11752, stack(0x0000005dbaf00000,0x0000005dbb000000)]
  0x00000231efbd6000 JavaThread "Unconstrained build operations Thread 26" [_thread_blocked, id=9436, stack(0x0000005dbb000000,0x0000005dbb100000)]
  0x00000231efbd0800 JavaThread "Unconstrained build operations Thread 27" [_thread_blocked, id=9756, stack(0x0000005dbb100000,0x0000005dbb200000)]
  0x00000231f1dac800 JavaThread "Unconstrained build operations Thread 28" [_thread_blocked, id=14372, stack(0x0000005dbb200000,0x0000005dbb300000)]
  0x00000231f1dab800 JavaThread "Unconstrained build operations Thread 29" [_thread_blocked, id=6968, stack(0x0000005dbb300000,0x0000005dbb400000)]
  0x00000231f1dad800 JavaThread "Unconstrained build operations Thread 30" [_thread_blocked, id=14804, stack(0x0000005dbb400000,0x0000005dbb500000)]
  0x00000231f1dae000 JavaThread "Unconstrained build operations Thread 31" [_thread_blocked, id=2096, stack(0x0000005dbb500000,0x0000005dbb600000)]
  0x00000231f1daf000 JavaThread "Unconstrained build operations Thread 32" [_thread_blocked, id=16216, stack(0x0000005dbb600000,0x0000005dbb700000)]
  0x00000231f1daf800 JavaThread "Unconstrained build operations Thread 33" [_thread_blocked, id=12332, stack(0x0000005dbb700000,0x0000005dbb800000)]
  0x00000231f1db0800 JavaThread "Unconstrained build operations Thread 34" [_thread_blocked, id=11500, stack(0x0000005dbb800000,0x0000005dbb900000)]
  0x00000231f1dab000 JavaThread "Unconstrained build operations Thread 35" [_thread_blocked, id=2128, stack(0x0000005dbb900000,0x0000005dbba00000)]
  0x00000231f1db4800 JavaThread "Unconstrained build operations Thread 36" [_thread_blocked, id=12120, stack(0x0000005dbba00000,0x0000005dbbb00000)]
  0x00000231f1db2000 JavaThread "Unconstrained build operations Thread 37" [_thread_blocked, id=5656, stack(0x0000005dbbb00000,0x0000005dbbc00000)]
  0x00000231f1db6800 JavaThread "Unconstrained build operations Thread 38" [_thread_blocked, id=11248, stack(0x0000005dbbc00000,0x0000005dbbd00000)]
  0x00000231f1db5800 JavaThread "Unconstrained build operations Thread 39" [_thread_blocked, id=14548, stack(0x0000005dbbd00000,0x0000005dbbe00000)]
  0x00000231f1db7000 JavaThread "Unconstrained build operations Thread 40" [_thread_blocked, id=15760, stack(0x0000005dbbe00000,0x0000005dbbf00000)]
  0x00000231f1db3000 JavaThread "Memory manager" [_thread_blocked, id=2572, stack(0x0000005dbc000000,0x0000005dbc100000)]
  0x00000231f191e800 JavaThread "C2 CompilerThread1" daemon [_thread_in_native, id=11040, stack(0x0000005dbc100000,0x0000005dbc200000)]

Other Threads:
  0x00000231ed7ba000 VMThread "VM Thread" [stack: 0x0000005db6e00000,0x0000005db6f00000] [id=12000]
  0x00000231ee2f6000 WatcherThread [stack: 0x0000005db7800000,0x0000005db7900000] [id=8508]
  0x00000231d4f18000 GCTaskThread "GC Thread#0" [stack: 0x0000005db6900000,0x0000005db6a00000] [id=11732]
  0x00000231ee55c800 GCTaskThread "GC Thread#1" [stack: 0x0000005db7a00000,0x0000005db7b00000] [id=7408]
  0x00000231ee745800 GCTaskThread "GC Thread#2" [stack: 0x0000005db7b00000,0x0000005db7c00000] [id=11776]
  0x00000231f06e3800 GCTaskThread "GC Thread#3" [stack: 0x0000005db8500000,0x0000005db8600000] [id=15512]
  0x00000231d4f3d800 ConcurrentGCThread "G1 Main Marker" [stack: 0x0000005db6a00000,0x0000005db6b00000] [id=15540]
  0x00000231d4f3f000 ConcurrentGCThread "G1 Conc#0" [stack: 0x0000005db6b00000,0x0000005db6c00000] [id=14824]
  0x00000231d4fce000 ConcurrentGCThread "G1 Refine#0" [stack: 0x0000005db6c00000,0x0000005db6d00000] [id=8468]
  0x00000231ed620800 ConcurrentGCThread "G1 Young RemSet Sampling" [stack: 0x0000005db6d00000,0x0000005db6e00000] [id=6888]

Threads with active compile tasks:
C2 CompilerThread0  60295 6545       4       java.util.TreeMap::put (247 bytes)
C2 CompilerThread1  60295 6626       4       java.util.regex.Pattern::compile (498 bytes)

VM state:not at safepoint (normal execution)

VM Mutex/Monitor currently owned by a thread: None

Heap address: 0x00000000a0000000, size: 1536 MB, Compressed Oops mode: 32-bit
Narrow klass base: 0x0000000000000000, Narrow klass shift: 3
Compressed class space size: 1073741824 Address: 0x0000000100000000

Heap:
 garbage-first heap   total 131072K, used 75590K [0x00000000a0000000, 0x0000000100000000)
  region size 1024K, 26 young (26624K), 5 survivors (5120K)
 Metaspace       used 64205K, capacity 65828K, committed 65924K, reserved 1107968K
  class space    used 8126K, capacity 8724K, committed 8756K, reserved 1048576K
Heap Regions: E=young(eden), S=young(survivor), O=old, HS=humongous(starts), HC=humongous(continues), CS=collection set, F=free, A=archive, TAMS=top-at-mark-start (previous, next)
|   0|0x00000000a0000000, 0x00000000a0100000, 0x00000000a0100000|100%|HS|  |TAMS 0x00000000a0100000, 0x00000000a0000000| Complete 
|   1|0x00000000a0100000, 0x00000000a0200000, 0x00000000a0200000|100%|HC|  |TAMS 0x00000000a0200000, 0x00000000a0100000| Complete 
|   2|0x00000000a0200000, 0x00000000a0300000, 0x00000000a0300000|100%|HC|  |TAMS 0x00000000a0300000, 0x00000000a0200000| Complete 
|   3|0x00000000a0300000, 0x00000000a0400000, 0x00000000a0400000|100%| O|  |TAMS 0x00000000a0400000, 0x00000000a0300000| Untracked 
|   4|0x00000000a0400000, 0x00000000a0500000, 0x00000000a0500000|100%| O|  |TAMS 0x00000000a0500000, 0x00000000a0400000| Untracked 
|   5|0x00000000a0500000, 0x00000000a0600000, 0x00000000a0600000|100%| O|  |TAMS 0x00000000a0600000, 0x00000000a0500000| Untracked 
|   6|0x00000000a0600000, 0x00000000a0700000, 0x00000000a0700000|100%| O|  |TAMS 0x00000000a0700000, 0x00000000a0600000| Untracked 
|   7|0x00000000a0700000, 0x00000000a0800000, 0x00000000a0800000|100%| O|  |TAMS 0x00000000a0800000, 0x00000000a0700000| Untracked 
|   8|0x00000000a0800000, 0x00000000a0900000, 0x00000000a0900000|100%| O|  |TAMS 0x00000000a0900000, 0x00000000a0800000| Untracked 
|   9|0x00000000a0900000, 0x00000000a0a00000, 0x00000000a0a00000|100%| O|  |TAMS 0x00000000a0a00000, 0x00000000a0900000| Untracked 
|  10|0x00000000a0a00000, 0x00000000a0b00000, 0x00000000a0b00000|100%| O|  |TAMS 0x00000000a0b00000, 0x00000000a0a00000| Untracked 
|  11|0x00000000a0b00000, 0x00000000a0c00000, 0x00000000a0c00000|100%| O|  |TAMS 0x00000000a0c00000, 0x00000000a0b00000| Untracked 
|  12|0x00000000a0c00000, 0x00000000a0d00000, 0x00000000a0d00000|100%| O|  |TAMS 0x00000000a0d00000, 0x00000000a0c00000| Untracked 
|  13|0x00000000a0d00000, 0x00000000a0e00000, 0x00000000a0e00000|100%| O|  |TAMS 0x00000000a0e00000, 0x00000000a0d00000| Untracked 
|  14|0x00000000a0e00000, 0x00000000a0f00000, 0x00000000a0f00000|100%| O|  |TAMS 0x00000000a0f00000, 0x00000000a0e00000| Untracked 
|  15|0x00000000a0f00000, 0x00000000a1000000, 0x00000000a1000000|100%| O|  |TAMS 0x00000000a1000000, 0x00000000a0f00000| Untracked 
|  16|0x00000000a1000000, 0x00000000a1100000, 0x00000000a1100000|100%| O|  |TAMS 0x00000000a1100000, 0x00000000a1000000| Untracked 
|  17|0x00000000a1100000, 0x00000000a1200000, 0x00000000a1200000|100%|HS|  |TAMS 0x00000000a1200000, 0x00000000a1100000| Complete 
|  18|0x00000000a1200000, 0x00000000a1300000, 0x00000000a1300000|100%| O|  |TAMS 0x00000000a1300000, 0x00000000a1200000| Untracked 
|  19|0x00000000a1300000, 0x00000000a1400000, 0x00000000a1400000|100%| O|  |TAMS 0x00000000a1400000, 0x00000000a1300000| Untracked 
|  20|0x00000000a1400000, 0x00000000a1500000, 0x00000000a1500000|100%| O|  |TAMS 0x00000000a1500000, 0x00000000a1400000| Untracked 
|  21|0x00000000a1500000, 0x00000000a1600000, 0x00000000a1600000|100%| O|  |TAMS 0x00000000a1600000, 0x00000000a1500000| Untracked 
|  22|0x00000000a1600000, 0x00000000a1700000, 0x00000000a1700000|100%| O|  |TAMS 0x00000000a1700000, 0x00000000a1600000| Untracked 
|  23|0x00000000a1700000, 0x00000000a1800000, 0x00000000a1800000|100%| O|  |TAMS 0x00000000a1800000, 0x00000000a1700000| Untracked 
|  24|0x00000000a1800000, 0x00000000a1900000, 0x00000000a1900000|100%| O|  |TAMS 0x00000000a1900000, 0x00000000a1800000| Untracked 
|  25|0x00000000a1900000, 0x00000000a1a00000, 0x00000000a1a00000|100%| O|  |TAMS 0x00000000a1a00000, 0x00000000a1900000| Untracked 
|  26|0x00000000a1a00000, 0x00000000a1b00000, 0x00000000a1b00000|100%| O|  |TAMS 0x00000000a1b00000, 0x00000000a1a00000| Untracked 
|  27|0x00000000a1b00000, 0x00000000a1c00000, 0x00000000a1c00000|100%| O|  |TAMS 0x00000000a1c00000, 0x00000000a1b00000| Untracked 
|  28|0x00000000a1c00000, 0x00000000a1d00000, 0x00000000a1d00000|100%|HS|  |TAMS 0x00000000a1d00000, 0x00000000a1c00000| Complete 
|  29|0x00000000a1d00000, 0x00000000a1e00000, 0x00000000a1e00000|100%|HS|  |TAMS 0x00000000a1e00000, 0x00000000a1d00000| Complete 
|  30|0x00000000a1e00000, 0x00000000a1f00000, 0x00000000a1f00000|100%|HS|  |TAMS 0x00000000a1f00000, 0x00000000a1e00000| Complete 
|  31|0x00000000a1f00000, 0x00000000a2000000, 0x00000000a2000000|100%|HS|  |TAMS 0x00000000a2000000, 0x00000000a1f00000| Complete 
|  32|0x00000000a2000000, 0x00000000a2100000, 0x00000000a2100000|100%|HC|  |TAMS 0x00000000a2100000, 0x00000000a2000000| Complete 
|  33|0x00000000a2100000, 0x00000000a2200000, 0x00000000a2200000|100%|HC|  |TAMS 0x00000000a2200000, 0x00000000a2100000| Complete 
|  34|0x00000000a2200000, 0x00000000a2300000, 0x00000000a2300000|100%|HS|  |TAMS 0x00000000a2300000, 0x00000000a2200000| Complete 
|  35|0x00000000a2300000, 0x00000000a2400000, 0x00000000a2400000|100%|HC|  |TAMS 0x00000000a2400000, 0x00000000a2300000| Complete 
|  36|0x00000000a2400000, 0x00000000a2500000, 0x00000000a2500000|100%| O|  |TAMS 0x00000000a2500000, 0x00000000a2400000| Untracked 
|  37|0x00000000a2500000, 0x00000000a2600000, 0x00000000a2600000|100%| O|  |TAMS 0x00000000a2600000, 0x00000000a2500000| Untracked 
|  38|0x00000000a2600000, 0x00000000a2700000, 0x00000000a2700000|100%| O|  |TAMS 0x00000000a2700000, 0x00000000a2600000| Untracked 
|  39|0x00000000a2700000, 0x00000000a2800000, 0x00000000a2800000|100%| O|  |TAMS 0x00000000a2800000, 0x00000000a2700000| Untracked 
|  40|0x00000000a2800000, 0x00000000a2900000, 0x00000000a2900000|100%| O|  |TAMS 0x00000000a2900000, 0x00000000a2800000| Untracked 
|  41|0x00000000a2900000, 0x00000000a2a00000, 0x00000000a2a00000|100%| O|  |TAMS 0x00000000a2a00000, 0x00000000a2900000| Untracked 
|  42|0x00000000a2a00000, 0x00000000a2b00000, 0x00000000a2b00000|100%| O|  |TAMS 0x00000000a2b00000, 0x00000000a2a00000| Untracked 
|  43|0x00000000a2b00000, 0x00000000a2c00000, 0x00000000a2c00000|100%| O|  |TAMS 0x00000000a2c00000, 0x00000000a2b00000| Untracked 
|  44|0x00000000a2c00000, 0x00000000a2d00000, 0x00000000a2d00000|100%| O|  |TAMS 0x00000000a2d00000, 0x00000000a2c00000| Untracked 
|  45|0x00000000a2d00000, 0x00000000a2e00000, 0x00000000a2e00000|100%| O|  |TAMS 0x00000000a2e00000, 0x00000000a2d00000| Untracked 
|  46|0x00000000a2e00000, 0x00000000a2f00000, 0x00000000a2f00000|100%| O|  |TAMS 0x00000000a2f00000, 0x00000000a2e00000| Untracked 
|  47|0x00000000a2f00000, 0x00000000a3000000, 0x00000000a3000000|100%| O|  |TAMS 0x00000000a3000000, 0x00000000a2f00000| Untracked 
|  48|0x00000000a3000000, 0x00000000a30e0c00, 0x00000000a3100000| 87%| O|  |TAMS 0x00000000a30e0c00, 0x00000000a3000000| Untracked 
|  49|0x00000000a3100000, 0x00000000a3200000, 0x00000000a3200000|100%|HS|  |TAMS 0x00000000a3100000, 0x00000000a3100000| Complete 
|  50|0x00000000a3200000, 0x00000000a3200000, 0x00000000a3300000|  0%| F|  |TAMS 0x00000000a3200000, 0x00000000a3200000| Untracked 
|  51|0x00000000a3300000, 0x00000000a3300000, 0x00000000a3400000|  0%| F|  |TAMS 0x00000000a3300000, 0x00000000a3300000| Untracked 
|  52|0x00000000a3400000, 0x00000000a3400000, 0x00000000a3500000|  0%| F|  |TAMS 0x00000000a3400000, 0x00000000a3400000| Untracked 
|  53|0x00000000a3500000, 0x00000000a3500000, 0x00000000a3600000|  0%| F|  |TAMS 0x00000000a3500000, 0x00000000a3500000| Untracked 
|  54|0x00000000a3600000, 0x00000000a3600000, 0x00000000a3700000|  0%| F|  |TAMS 0x00000000a3600000, 0x00000000a3600000| Untracked 
|  55|0x00000000a3700000, 0x00000000a3700000, 0x00000000a3800000|  0%| F|  |TAMS 0x00000000a3700000, 0x00000000a3700000| Untracked 
|  56|0x00000000a3800000, 0x00000000a3800000, 0x00000000a3900000|  0%| F|  |TAMS 0x00000000a3800000, 0x00000000a3800000| Untracked 
|  57|0x00000000a3900000, 0x00000000a3900000, 0x00000000a3a00000|  0%| F|  |TAMS 0x00000000a3900000, 0x00000000a3900000| Untracked 
|  58|0x00000000a3a00000, 0x00000000a3a00000, 0x00000000a3b00000|  0%| F|  |TAMS 0x00000000a3a00000, 0x00000000a3a00000| Untracked 
|  59|0x00000000a3b00000, 0x00000000a3b00000, 0x00000000a3c00000|  0%| F|  |TAMS 0x00000000a3b00000, 0x00000000a3b00000| Untracked 
|  60|0x00000000a3c00000, 0x00000000a3c00000, 0x00000000a3d00000|  0%| F|  |TAMS 0x00000000a3c00000, 0x00000000a3c00000| Untracked 
|  61|0x00000000a3d00000, 0x00000000a3d00000, 0x00000000a3e00000|  0%| F|  |TAMS 0x00000000a3d00000, 0x00000000a3d00000| Untracked 
|  62|0x00000000a3e00000, 0x00000000a3e00000, 0x00000000a3f00000|  0%| F|  |TAMS 0x00000000a3e00000, 0x00000000a3e00000| Untracked 
|  63|0x00000000a3f00000, 0x00000000a3f00000, 0x00000000a4000000|  0%| F|  |TAMS 0x00000000a3f00000, 0x00000000a3f00000| Untracked 
|  64|0x00000000a4000000, 0x00000000a4000000, 0x00000000a4100000|  0%| F|  |TAMS 0x00000000a4000000, 0x00000000a4000000| Untracked 
|  65|0x00000000a4100000, 0x00000000a4100000, 0x00000000a4200000|  0%| F|  |TAMS 0x00000000a4100000, 0x00000000a4100000| Untracked 
|  66|0x00000000a4200000, 0x00000000a4200000, 0x00000000a4300000|  0%| F|  |TAMS 0x00000000a4200000, 0x00000000a4200000| Untracked 
|  67|0x00000000a4300000, 0x00000000a4300000, 0x00000000a4400000|  0%| F|  |TAMS 0x00000000a4300000, 0x00000000a4300000| Untracked 
|  68|0x00000000a4400000, 0x00000000a4400000, 0x00000000a4500000|  0%| F|  |TAMS 0x00000000a4400000, 0x00000000a4400000| Untracked 
|  69|0x00000000a4500000, 0x00000000a4500000, 0x00000000a4600000|  0%| F|  |TAMS 0x00000000a4500000, 0x00000000a4500000| Untracked 
|  70|0x00000000a4600000, 0x00000000a4600000, 0x00000000a4700000|  0%| F|  |TAMS 0x00000000a4600000, 0x00000000a4600000| Untracked 
|  71|0x00000000a4700000, 0x00000000a4700000, 0x00000000a4800000|  0%| F|  |TAMS 0x00000000a4700000, 0x00000000a4700000| Untracked 
|  72|0x00000000a4800000, 0x00000000a4800000, 0x00000000a4900000|  0%| F|  |TAMS 0x00000000a4800000, 0x00000000a4800000| Untracked 
|  73|0x00000000a4900000, 0x00000000a4900000, 0x00000000a4a00000|  0%| F|  |TAMS 0x00000000a4900000, 0x00000000a4900000| Untracked 
|  74|0x00000000a4a00000, 0x00000000a4a00000, 0x00000000a4b00000|  0%| F|  |TAMS 0x00000000a4a00000, 0x00000000a4a00000| Untracked 
|  75|0x00000000a4b00000, 0x00000000a4b00000, 0x00000000a4c00000|  0%| F|  |TAMS 0x00000000a4b00000, 0x00000000a4b00000| Untracked 
|  76|0x00000000a4c00000, 0x00000000a4c00000, 0x00000000a4d00000|  0%| F|  |TAMS 0x00000000a4c00000, 0x00000000a4c00000| Untracked 
|  77|0x00000000a4d00000, 0x00000000a4d00000, 0x00000000a4e00000|  0%| F|  |TAMS 0x00000000a4d00000, 0x00000000a4d00000| Untracked 
|  78|0x00000000a4e00000, 0x00000000a4e00000, 0x00000000a4f00000|  0%| F|  |TAMS 0x00000000a4e00000, 0x00000000a4e00000| Untracked 
|  79|0x00000000a4f00000, 0x00000000a4ff0d80, 0x00000000a5000000| 94%| S|CS|TAMS 0x00000000a4f00000, 0x00000000a4f00000| Complete 
|  80|0x00000000a5000000, 0x00000000a5100000, 0x00000000a5100000|100%| S|CS|TAMS 0x00000000a5000000, 0x00000000a5000000| Complete 
|  81|0x00000000a5100000, 0x00000000a5200000, 0x00000000a5200000|100%| S|CS|TAMS 0x00000000a5100000, 0x00000000a5100000| Complete 
|  82|0x00000000a5200000, 0x00000000a5300000, 0x00000000a5300000|100%| S|CS|TAMS 0x00000000a5200000, 0x00000000a5200000| Complete 
|  83|0x00000000a5300000, 0x00000000a5400000, 0x00000000a5400000|100%| S|CS|TAMS 0x00000000a5300000, 0x00000000a5300000| Complete 
|  84|0x00000000a5400000, 0x00000000a5400000, 0x00000000a5500000|  0%| F|  |TAMS 0x00000000a5400000, 0x00000000a5400000| Untracked 
|  85|0x00000000a5500000, 0x00000000a5500000, 0x00000000a5600000|  0%| F|  |TAMS 0x00000000a5500000, 0x00000000a5500000| Untracked 
|  86|0x00000000a5600000, 0x00000000a5600000, 0x00000000a5700000|  0%| F|  |TAMS 0x00000000a5600000, 0x00000000a5600000| Untracked 
|  87|0x00000000a5700000, 0x00000000a5700000, 0x00000000a5800000|  0%| F|  |TAMS 0x00000000a5700000, 0x00000000a5700000| Untracked 
|  88|0x00000000a5800000, 0x00000000a5800000, 0x00000000a5900000|  0%| F|  |TAMS 0x00000000a5800000, 0x00000000a5800000| Untracked 
|  89|0x00000000a5900000, 0x00000000a5900000, 0x00000000a5a00000|  0%| F|  |TAMS 0x00000000a5900000, 0x00000000a5900000| Untracked 
|  90|0x00000000a5a00000, 0x00000000a5a00000, 0x00000000a5b00000|  0%| F|  |TAMS 0x00000000a5a00000, 0x00000000a5a00000| Untracked 
|  91|0x00000000a5b00000, 0x00000000a5b00000, 0x00000000a5c00000|  0%| F|  |TAMS 0x00000000a5b00000, 0x00000000a5b00000| Untracked 
|  92|0x00000000a5c00000, 0x00000000a5c00000, 0x00000000a5d00000|  0%| F|  |TAMS 0x00000000a5c00000, 0x00000000a5c00000| Untracked 
|  93|0x00000000a5d00000, 0x00000000a5d00000, 0x00000000a5e00000|  0%| F|  |TAMS 0x00000000a5d00000, 0x00000000a5d00000| Untracked 
|  94|0x00000000a5e00000, 0x00000000a5e00000, 0x00000000a5f00000|  0%| F|  |TAMS 0x00000000a5e00000, 0x00000000a5e00000| Untracked 
|  95|0x00000000a5f00000, 0x00000000a5f00000, 0x00000000a6000000|  0%| F|  |TAMS 0x00000000a5f00000, 0x00000000a5f00000| Untracked 
|  96|0x00000000a6000000, 0x00000000a6000000, 0x00000000a6100000|  0%| F|  |TAMS 0x00000000a6000000, 0x00000000a6000000| Untracked 
|  97|0x00000000a6100000, 0x00000000a6100000, 0x00000000a6200000|  0%| F|  |TAMS 0x00000000a6100000, 0x00000000a6100000| Untracked 
|  98|0x00000000a6200000, 0x00000000a6200000, 0x00000000a6300000|  0%| F|  |TAMS 0x00000000a6200000, 0x00000000a6200000| Untracked 
|  99|0x00000000a6300000, 0x00000000a6300000, 0x00000000a6400000|  0%| F|  |TAMS 0x00000000a6300000, 0x00000000a6300000| Untracked 
| 100|0x00000000a6400000, 0x00000000a6400000, 0x00000000a6500000|  0%| F|  |TAMS 0x00000000a6400000, 0x00000000a6400000| Untracked 
| 101|0x00000000a6500000, 0x00000000a6500000, 0x00000000a6600000|  0%| F|  |TAMS 0x00000000a6500000, 0x00000000a6500000| Untracked 
| 102|0x00000000a6600000, 0x00000000a6600000, 0x00000000a6700000|  0%| F|  |TAMS 0x00000000a6600000, 0x00000000a6600000| Untracked 
| 103|0x00000000a6700000, 0x00000000a6700000, 0x00000000a6800000|  0%| F|  |TAMS 0x00000000a6700000, 0x00000000a6700000| Untracked 
| 104|0x00000000a6800000, 0x00000000a6800000, 0x00000000a6900000|  0%| F|  |TAMS 0x00000000a6800000, 0x00000000a6800000| Untracked 
| 105|0x00000000a6900000, 0x00000000a6900000, 0x00000000a6a00000|  0%| F|  |TAMS 0x00000000a6900000, 0x00000000a6900000| Untracked 
| 106|0x00000000a6a00000, 0x00000000a6a00000, 0x00000000a6b00000|  0%| F|  |TAMS 0x00000000a6a00000, 0x00000000a6a00000| Untracked 
| 107|0x00000000a6b00000, 0x00000000a6b80800, 0x00000000a6c00000| 50%| E|  |TAMS 0x00000000a6b00000, 0x00000000a6b00000| Complete 
| 108|0x00000000a6c00000, 0x00000000a6d00000, 0x00000000a6d00000|100%| E|CS|TAMS 0x00000000a6c00000, 0x00000000a6c00000| Complete 
| 109|0x00000000a6d00000, 0x00000000a6e00000, 0x00000000a6e00000|100%| E|CS|TAMS 0x00000000a6d00000, 0x00000000a6d00000| Complete 
| 110|0x00000000a6e00000, 0x00000000a6f00000, 0x00000000a6f00000|100%| E|CS|TAMS 0x00000000a6e00000, 0x00000000a6e00000| Complete 
| 111|0x00000000a6f00000, 0x00000000a7000000, 0x00000000a7000000|100%| E|CS|TAMS 0x00000000a6f00000, 0x00000000a6f00000| Complete 
| 112|0x00000000a7000000, 0x00000000a7100000, 0x00000000a7100000|100%| E|CS|TAMS 0x00000000a7000000, 0x00000000a7000000| Complete 
| 113|0x00000000a7100000, 0x00000000a7200000, 0x00000000a7200000|100%| E|CS|TAMS 0x00000000a7100000, 0x00000000a7100000| Complete 
| 114|0x00000000a7200000, 0x00000000a7300000, 0x00000000a7300000|100%| E|CS|TAMS 0x00000000a7200000, 0x00000000a7200000| Complete 
| 115|0x00000000a7300000, 0x00000000a7400000, 0x00000000a7400000|100%| E|  |TAMS 0x00000000a7300000, 0x00000000a7300000| Complete 
| 116|0x00000000a7400000, 0x00000000a7500000, 0x00000000a7500000|100%| E|CS|TAMS 0x00000000a7400000, 0x00000000a7400000| Complete 
| 117|0x00000000a7500000, 0x00000000a7600000, 0x00000000a7600000|100%| E|CS|TAMS 0x00000000a7500000, 0x00000000a7500000| Complete 
| 118|0x00000000a7600000, 0x00000000a7700000, 0x00000000a7700000|100%| E|CS|TAMS 0x00000000a7600000, 0x00000000a7600000| Complete 
| 119|0x00000000a7700000, 0x00000000a7800000, 0x00000000a7800000|100%| E|CS|TAMS 0x00000000a7700000, 0x00000000a7700000| Complete 
| 120|0x00000000a7800000, 0x00000000a7900000, 0x00000000a7900000|100%| E|CS|TAMS 0x00000000a7800000, 0x00000000a7800000| Complete 
| 121|0x00000000a7900000, 0x00000000a7a00000, 0x00000000a7a00000|100%| E|CS|TAMS 0x00000000a7900000, 0x00000000a7900000| Complete 
| 122|0x00000000a7a00000, 0x00000000a7b00000, 0x00000000a7b00000|100%| E|CS|TAMS 0x00000000a7a00000, 0x00000000a7a00000| Complete 
| 123|0x00000000a7b00000, 0x00000000a7c00000, 0x00000000a7c00000|100%| E|CS|TAMS 0x00000000a7b00000, 0x00000000a7b00000| Complete 
| 124|0x00000000a7c00000, 0x00000000a7d00000, 0x00000000a7d00000|100%| E|CS|TAMS 0x00000000a7c00000, 0x00000000a7c00000| Complete 
| 125|0x00000000a7d00000, 0x00000000a7e00000, 0x00000000a7e00000|100%| E|CS|TAMS 0x00000000a7d00000, 0x00000000a7d00000| Complete 
| 126|0x00000000a7e00000, 0x00000000a7f00000, 0x00000000a7f00000|100%| E|CS|TAMS 0x00000000a7e00000, 0x00000000a7e00000| Complete 
| 127|0x00000000a7f00000, 0x00000000a8000000, 0x00000000a8000000|100%| E|CS|TAMS 0x00000000a7f00000, 0x00000000a7f00000| Complete 

Card table byte_map: [0x00000231e7cf0000,0x00000231e7ff0000] _byte_map_base: 0x00000231e77f0000

Marking Bits (Prev, Next): (CMBitMap*) 0x00000231d4f369c0, (CMBitMap*) 0x00000231d4f36988
 Prev Bits: [0x00000231e9af0000, 0x00000231eb2f0000)
 Next Bits: [0x00000231e82f0000, 0x00000231e9af0000)

Polling page: 0x00000231d2d70000

Metaspace:

Usage:
  Non-class:     55.77 MB capacity,    54.76 MB ( 98%) used,   861.54 KB (  2%) free+waste,   163.44 KB ( <1%) overhead. 
      Class:      8.52 MB capacity,     7.94 MB ( 93%) used,   521.64 KB (  6%) free+waste,    76.31 KB ( <1%) overhead. 
       Both:     64.29 MB capacity,    62.70 MB ( 98%) used,     1.35 MB (  2%) free+waste,   239.75 KB ( <1%) overhead. 

Virtual space:
  Non-class space:       58.00 MB reserved,      55.83 MB ( 96%) committed 
      Class space:        1.00 GB reserved,       8.55 MB ( <1%) committed 
             Both:        1.06 GB reserved,      64.38 MB (  6%) committed 

Chunk freelists:
   Non-Class:  0 bytes
       Class:  12.00 KB
        Both:  12.00 KB

MaxMetaspaceSize: 17179869184.00 GB
CompressedClassSpaceSize: 1.00 GB

CodeHeap 'non-profiled nmethods': size=120064Kb used=3843Kb max_used=3843Kb free=116220Kb
 bounds [0x00000231e04b0000, 0x00000231e0880000, 0x00000231e79f0000]
CodeHeap 'profiled nmethods': size=120000Kb used=14368Kb max_used=14368Kb free=105631Kb
 bounds [0x00000231d8f80000, 0x00000231d9d90000, 0x00000231e04b0000]
CodeHeap 'non-nmethods': size=5696Kb used=2260Kb max_used=2291Kb free=3435Kb
 bounds [0x00000231d89f0000, 0x00000231d8c60000, 0x00000231d8f80000]
 total_blobs=7518 nmethods=6668 adapters=761
 compilation: enabled
              stopped_count=0, restarted_count=0
 full_count=0

Compilation events (20 events):
Event: 59.051 Thread 0x00000231ee1a2800 6559       3       org.gradle.internal.reflect.PropertyAccessorType::of (95 bytes)
Event: 59.055 Thread 0x00000231ee1a2800 nmethod 6559 0x00000231d9d32a90 code [0x00000231d9d32dc0, 0x00000231d9d342d8]
Event: 59.055 Thread 0x00000231ee1a2800 6562       3       org.gradle.internal.reflect.PropertyAccessorType::isGetGetterName (23 bytes)
Event: 59.056 Thread 0x00000231ee1a2800 nmethod 6562 0x00000231d9d34910 code [0x00000231d9d34ae0, 0x00000231d9d34e08]
Event: 59.056 Thread 0x00000231ee1a2800 6561       2       org.gradle.internal.reflect.PropertyAccessorType::isSetterName (23 bytes)
Event: 59.057 Thread 0x00000231ee1a2800 nmethod 6561 0x00000231d9d34f90 code [0x00000231d9d35140, 0x00000231d9d352a8]
Event: 59.057 Thread 0x00000231ee1a2800 6563       3       org.gradle.internal.reflect.PropertyAccessorType::isIsGetterName (23 bytes)
Event: 59.057 Thread 0x00000231ee1a2800 nmethod 6563 0x00000231d9d35390 code [0x00000231d9d35560, 0x00000231d9d35888]
Event: 59.057 Thread 0x00000231ee1a2800 6564       2       java.util.ArrayList::toArray (57 bytes)
Event: 59.058 Thread 0x00000231ee1a2800 nmethod 6564 0x00000231d9d35a10 code [0x00000231d9d35be0, 0x00000231d9d35f18]
Event: 59.058 Thread 0x00000231ee1a2800 6551       3       kotlin.collections.CollectionsKt___CollectionsKt$asSequence$$inlined$Sequence$1::<init> (10 bytes)
Event: 59.058 Thread 0x00000231ee1a2800 nmethod 6551 0x00000231d9d36010 code [0x00000231d9d361c0, 0x00000231d9d36378]
Event: 59.058 Thread 0x00000231ee1a2800 6558       1       com.android.build.gradle.internal.dsl.decorator.DslDecorator$ManagedProperty::getGettersToGenerate (5 bytes)
Event: 59.058 Thread 0x00000231ee1a2800 nmethod 6558 0x00000231e0868d10 code [0x00000231e0868ec0, 0x00000231e0868f78]
Event: 59.058 Thread 0x00000231ee1a2800 6553       1       com.android.build.gradle.internal.dsl.decorator.DslDecorator$CollectingInfoVisitor::getSetters (5 bytes)
Event: 59.058 Thread 0x00000231ee1a2800 nmethod 6553 0x00000231e0869010 code [0x00000231e08691c0, 0x00000231e0869278]
Event: 59.058 Thread 0x00000231ee1a2800 6554       1       com.android.build.gradle.internal.dsl.decorator.DslDecorator$CollectingInfoVisitor::getBlocks (5 bytes)
Event: 59.059 Thread 0x00000231ee1a2800 nmethod 6554 0x00000231e0869310 code [0x00000231e08694c0, 0x00000231e0869578]
Event: 59.064 Thread 0x00000231ee1a2800 6565       3       org.gradle.internal.instantiation.generator.AsmBackedClassGenerator$ClassBuilderImpl::addSetMethod (146 bytes)
Event: 59.065 Thread 0x00000231ee1a2800 nmethod 6565 0x00000231d9d36410 code [0x00000231d9d36700, 0x00000231d9d376c8]

GC Heap History (20 events):
Event: 11.636 GC heap before
{Heap before GC invocations=3 (full 0):
 garbage-first heap   total 131072K, used 30281K [0x00000000a0000000, 0x0000000100000000)
  region size 1024K, 17 young (17408K), 3 survivors (3072K)
 Metaspace       used 20641K, capacity 21163K, committed 21296K, reserved 1069056K
  class space    used 2513K, capacity 2656K, committed 2688K, reserved 1048576K
}
Event: 11.642 GC heap after
{Heap after GC invocations=4 (full 0):
 garbage-first heap   total 131072K, used 17544K [0x00000000a0000000, 0x0000000100000000)
  region size 1024K, 4 young (4096K), 4 survivors (4096K)
 Metaspace       used 20641K, capacity 21163K, committed 21296K, reserved 1069056K
  class space    used 2513K, capacity 2656K, committed 2688K, reserved 1048576K
}
Event: 14.124 GC heap before
{Heap before GC invocations=5 (full 0):
 garbage-first heap   total 131072K, used 69768K [0x00000000a0000000, 0x0000000100000000)
  region size 1024K, 55 young (56320K), 4 survivors (4096K)
 Metaspace       used 26114K, capacity 26678K, committed 26928K, reserved 1073152K
  class space    used 3411K, capacity 3611K, committed 3712K, reserved 1048576K
}
Event: 14.130 GC heap after
{Heap after GC invocations=6 (full 0):
 garbage-first heap   total 131072K, used 19389K [0x00000000a0000000, 0x0000000100000000)
  region size 1024K, 6 young (6144K), 6 survivors (6144K)
 Metaspace       used 26114K, capacity 26678K, committed 26928K, reserved 1073152K
  class space    used 3411K, capacity 3611K, committed 3712K, reserved 1048576K
}
Event: 16.247 GC heap before
{Heap before GC invocations=6 (full 0):
 garbage-first heap   total 131072K, used 73661K [0x00000000a0000000, 0x0000000100000000)
  region size 1024K, 59 young (60416K), 6 survivors (6144K)
 Metaspace       used 31469K, capacity 32231K, committed 32432K, reserved 1077248K
  class space    used 4198K, capacity 4484K, committed 4608K, reserved 1048576K
}
Event: 16.256 GC heap after
{Heap after GC invocations=7 (full 0):
 garbage-first heap   total 131072K, used 21373K [0x00000000a0000000, 0x0000000100000000)
  region size 1024K, 5 young (5120K), 5 survivors (5120K)
 Metaspace       used 31469K, capacity 32231K, committed 32432K, reserved 1077248K
  class space    used 4198K, capacity 4484K, committed 4608K, reserved 1048576K
}
Event: 17.312 GC heap before
{Heap before GC invocations=7 (full 0):
 garbage-first heap   total 131072K, used 30589K [0x00000000a0000000, 0x0000000100000000)
  region size 1024K, 15 young (15360K), 5 survivors (5120K)
 Metaspace       used 35092K, capacity 35829K, committed 35920K, reserved 1081344K
  class space    used 4536K, capacity 4835K, committed 4864K, reserved 1048576K
}
Event: 17.323 GC heap after
{Heap after GC invocations=8 (full 0):
 garbage-first heap   total 131072K, used 22943K [0x00000000a0000000, 0x0000000100000000)
  region size 1024K, 7 young (7168K), 7 survivors (7168K)
 Metaspace       used 35092K, capacity 35829K, committed 35920K, reserved 1081344K
  class space    used 4536K, capacity 4835K, committed 4864K, reserved 1048576K
}
Event: 20.524 GC heap before
{Heap before GC invocations=9 (full 0):
 garbage-first heap   total 131072K, used 91551K [0x00000000a0000000, 0x0000000100000000)
  region size 1024K, 72 young (73728K), 7 survivors (7168K)
 Metaspace       used 40369K, capacity 41323K, committed 41500K, reserved 1085440K
  class space    used 5136K, capacity 5485K, committed 5580K, reserved 1048576K
}
Event: 20.540 GC heap after
{Heap after GC invocations=10 (full 0):
 garbage-first heap   total 131072K, used 27769K [0x00000000a0000000, 0x0000000100000000)
  region size 1024K, 9 young (9216K), 9 survivors (9216K)
 Metaspace       used 40369K, capacity 41323K, committed 41500K, reserved 1085440K
  class space    used 5136K, capacity 5485K, committed 5580K, reserved 1048576K
}
Event: 22.639 GC heap before
{Heap before GC invocations=10 (full 0):
 garbage-first heap   total 131072K, used 90233K [0x00000000a0000000, 0x0000000100000000)
  region size 1024K, 70 young (71680K), 9 survivors (9216K)
 Metaspace       used 45202K, capacity 46280K, committed 46492K, reserved 1089536K
  class space    used 5774K, capacity 6154K, committed 6220K, reserved 1048576K
}
Event: 22.654 GC heap after
{Heap after GC invocations=11 (full 0):
 garbage-first heap   total 131072K, used 30682K [0x00000000a0000000, 0x0000000100000000)
  region size 1024K, 4 young (4096K), 4 survivors (4096K)
 Metaspace       used 45202K, capacity 46280K, committed 46492K, reserved 1089536K
  class space    used 5774K, capacity 6154K, committed 6220K, reserved 1048576K
}
Event: 41.382 GC heap before
{Heap before GC invocations=11 (full 0):
 garbage-first heap   total 131072K, used 93146K [0x00000000a0000000, 0x0000000100000000)
  region size 1024K, 66 young (67584K), 4 survivors (4096K)
 Metaspace       used 48688K, capacity 49926K, committed 50076K, reserved 1093632K
  class space    used 6171K, capacity 6617K, committed 6732K, reserved 1048576K
}
Event: 41.391 GC heap after
{Heap after GC invocations=12 (full 0):
 garbage-first heap   total 131072K, used 32858K [0x00000000a0000000, 0x0000000100000000)
  region size 1024K, 6 young (6144K), 6 survivors (6144K)
 Metaspace       used 48688K, capacity 49926K, committed 50076K, reserved 1093632K
  class space    used 6171K, capacity 6617K, committed 6732K, reserved 1048576K
}
Event: 55.158 GC heap before
{Heap before GC invocations=12 (full 0):
 garbage-first heap   total 131072K, used 106586K [0x00000000a0000000, 0x0000000100000000)
  region size 1024K, 69 young (70656K), 6 survivors (6144K)
 Metaspace       used 54892K, capacity 56388K, committed 56476K, reserved 1097728K
  class space    used 6953K, capacity 7488K, committed 7500K, reserved 1048576K
}
Event: 55.173 GC heap after
{Heap after GC invocations=13 (full 0):
 garbage-first heap   total 131072K, used 49915K [0x00000000a0000000, 0x0000000100000000)
  region size 1024K, 9 young (9216K), 9 survivors (9216K)
 Metaspace       used 54892K, capacity 56388K, committed 56476K, reserved 1097728K
  class space    used 6953K, capacity 7488K, committed 7500K, reserved 1048576K
}
Event: 56.882 GC heap before
{Heap before GC invocations=13 (full 0):
 garbage-first heap   total 131072K, used 78587K [0x00000000a0000000, 0x0000000100000000)
  region size 1024K, 38 young (38912K), 9 survivors (9216K)
 Metaspace       used 58768K, capacity 60312K, committed 60420K, reserved 1101824K
  class space    used 7470K, capacity 8027K, committed 8116K, reserved 1048576K
}
Event: 56.895 GC heap after
{Heap after GC invocations=14 (full 0):
 garbage-first heap   total 131072K, used 51973K [0x00000000a0000000, 0x0000000100000000)
  region size 1024K, 2 young (2048K), 2 survivors (2048K)
 Metaspace       used 58768K, capacity 60312K, committed 60420K, reserved 1101824K
  class space    used 7470K, capacity 8027K, committed 8116K, reserved 1048576K
}
Event: 58.377 GC heap before
{Heap before GC invocations=15 (full 0):
 garbage-first heap   total 131072K, used 93957K [0x00000000a0000000, 0x0000000100000000)
  region size 1024K, 44 young (45056K), 2 survivors (2048K)
 Metaspace       used 62703K, capacity 64361K, committed 64516K, reserved 1105920K
  class space    used 7926K, capacity 8517K, committed 8628K, reserved 1048576K
}
Event: 58.392 GC heap after
{Heap after GC invocations=16 (full 0):
 garbage-first heap   total 131072K, used 55110K [0x00000000a0000000, 0x0000000100000000)
  region size 1024K, 5 young (5120K), 5 survivors (5120K)
 Metaspace       used 62703K, capacity 64361K, committed 64516K, reserved 1105920K
  class space    used 7926K, capacity 8517K, committed 8628K, reserved 1048576K
}

Deoptimization events (20 events):
Event: 57.572 Thread 0x00000231ef961000 DEOPT PACKING pc=0x00000231d9c7f228 sp=0x0000005db81ef3a0
Event: 57.572 Thread 0x00000231ef961000 DEOPT UNPACKING pc=0x00000231d8a16dde sp=0x0000005db81ee858 mode 0
Event: 57.572 Thread 0x00000231ef961000 DEOPT PACKING pc=0x00000231d9c7f228 sp=0x0000005db81ef3a0
Event: 57.572 Thread 0x00000231ef961000 DEOPT UNPACKING pc=0x00000231d8a16dde sp=0x0000005db81ee858 mode 0
Event: 57.573 Thread 0x00000231ef961000 DEOPT PACKING pc=0x00000231d9c7f228 sp=0x0000005db81ef3a0
Event: 57.573 Thread 0x00000231ef961000 DEOPT UNPACKING pc=0x00000231d8a16dde sp=0x0000005db81ee858 mode 0
Event: 57.574 Thread 0x00000231ef961000 DEOPT PACKING pc=0x00000231d9c7f228 sp=0x0000005db81ef3a0
Event: 57.574 Thread 0x00000231ef961000 DEOPT UNPACKING pc=0x00000231d8a16dde sp=0x0000005db81ee858 mode 0
Event: 57.574 Thread 0x00000231ef961000 DEOPT PACKING pc=0x00000231d9c7f228 sp=0x0000005db81ef3a0
Event: 57.574 Thread 0x00000231ef961000 DEOPT UNPACKING pc=0x00000231d8a16dde sp=0x0000005db81ee858 mode 0
Event: 57.574 Thread 0x00000231ef961000 DEOPT PACKING pc=0x00000231d9c7f228 sp=0x0000005db81ef3a0
Event: 57.574 Thread 0x00000231ef961000 DEOPT UNPACKING pc=0x00000231d8a16dde sp=0x0000005db81ee858 mode 0
Event: 58.511 Thread 0x00000231ef961000 Uncommon trap: trap_request=0xffffffdc fr.pc=0x00000231e0865c6c relative=0x00000000000002ac
Event: 58.511 Thread 0x00000231ef961000 Uncommon trap: reason=class_check action=make_not_entrant pc=0x00000231e0865c6c method=java.util.ArrayList.toArray([Ljava/lang/Object;)[Ljava/lang/Object; @ 21 c2
Event: 58.511 Thread 0x00000231ef961000 DEOPT PACKING pc=0x00000231e0865c6c sp=0x0000005db81f3660
Event: 58.511 Thread 0x00000231ef961000 DEOPT UNPACKING pc=0x00000231d8a1662f sp=0x0000005db81f3630 mode 2
Event: 59.050 Thread 0x00000231ef961000 Uncommon trap: trap_request=0xffffff4d fr.pc=0x00000231e070c31c relative=0x000000000000033c
Event: 59.050 Thread 0x00000231ef961000 Uncommon trap: reason=unstable_if action=reinterpret pc=0x00000231e070c31c method=org.gradle.internal.reflect.PropertyAccessorType.of(Ljava/lang/reflect/Method;)Lorg/gradle/internal/reflect/PropertyAccessorType; @ 56 c2
Event: 59.051 Thread 0x00000231ef961000 DEOPT PACKING pc=0x00000231e070c31c sp=0x0000005db81f2f60
Event: 59.051 Thread 0x00000231ef961000 DEOPT UNPACKING pc=0x00000231d8a1662f sp=0x0000005db81f2f20 mode 2

Classes redefined (0 events):
No events

Internal exceptions (20 events):
Event: 44.877 Thread 0x00000231ef961000 Exception <a 'java/security/PrivilegedActionException'{0x00000000a795ceb8}> (0x00000000a795ceb8) thrown at [./src/hotspot/share/prims/jvm.cpp, line 1306]
Event: 44.877 Thread 0x00000231ef961000 Exception <a 'java/security/PrivilegedActionException'{0x00000000a7960e90}> (0x00000000a7960e90) thrown at [./src/hotspot/share/prims/jvm.cpp, line 1306]
Event: 44.877 Thread 0x00000231ef961000 Exception <a 'java/security/PrivilegedActionException'{0x00000000a7962948}> (0x00000000a7962948) thrown at [./src/hotspot/share/prims/jvm.cpp, line 1306]
Event: 44.877 Thread 0x00000231ef961000 Exception <a 'java/security/PrivilegedActionException'{0x00000000a79669d8}> (0x00000000a79669d8) thrown at [./src/hotspot/share/prims/jvm.cpp, line 1306]
Event: 44.877 Thread 0x00000231ef961000 Exception <a 'java/security/PrivilegedActionException'{0x00000000a7968490}> (0x00000000a7968490) thrown at [./src/hotspot/share/prims/jvm.cpp, line 1306]
Event: 51.197 Thread 0x00000231ef961000 Exception <a 'java/lang/ClassNotFoundException'{0x00000000a73b4558}: build_2vk8kku55ovub6nrtnsj2vj3qBeanInfo> (0x00000000a73b4558) thrown at [./src/hotspot/share/classfile/systemDictionary.cpp, line 231]
Event: 51.197 Thread 0x00000231ef961000 Exception <a 'java/lang/ClassNotFoundException'{0x00000000a73c5728}: build_2vk8kku55ovub6nrtnsj2vj3qCustomizer> (0x00000000a73c5728) thrown at [./src/hotspot/share/classfile/systemDictionary.cpp, line 231]
Event: 52.885 Thread 0x00000231ef961000 Exception <a 'java/lang/NoSuchMethodError'{0x00000000a657bbb8}: 'java.lang.Object java.lang.invoke.DirectMethodHandle$Holder.invokeStatic(java.lang.Object, java.lang.Object, java.lang.Object, java.lang.Object, int)'> (0x00000000a657bbb8) thrown at [./src/hotspot/share/interpreter/linkResolver.cpp, line 773]
Event: 52.885 Thread 0x00000231ef961000 Exception <a 'java/lang/NoSuchMethodError'{0x00000000a6581298}: 'java.lang.Object java.lang.invoke.DirectMethodHandle$Holder.invokeSpecial(java.lang.Object, java.lang.Object, java.lang.Object, java.lang.Object, java.lang.Object, int)'> (0x00000000a6581298) thrown at [./src/hotspot/share/interpreter/linkResolver.cpp, line 773]
Event: 52.885 Thread 0x00000231ef961000 Exception <a 'java/lang/NoSuchMethodError'{0x00000000a6586378}: 'java.lang.Object java.lang.invoke.Invokers$Holder.linkToTargetMethod(java.lang.Object, java.lang.Object, java.lang.Object, int, java.lang.Object)'> (0x00000000a6586378) thrown at [./src/hotspot/share/interpreter/linkResolver.cpp, line 773]
Event: 53.719 Thread 0x00000231ef961000 Exception <a 'java/lang/NoSuchMethodError'{0x00000000a55107a8}: 'java.lang.Object java.lang.invoke.DirectMethodHandle$Holder.invokeSpecial(java.lang.Object, java.lang.Object, int, int, java.lang.Object, java.lang.Object, java.lang.Object)'> (0x00000000a55107a8) thrown at [./src/hotspot/share/interpreter/linkResolver.cpp, line 773]
Event: 53.719 Thread 0x00000231ef961000 Exception <a 'java/lang/NoSuchMethodError'{0x00000000a55157c8}: 'java.lang.Object java.lang.invoke.DelegatingMethodHandle$Holder.reinvoke_L(java.lang.Object, int, int, java.lang.Object, java.lang.Object, java.lang.Object)'> (0x00000000a55157c8) thrown at [./src/hotspot/share/interpreter/linkResolver.cpp, line 773]
Event: 54.403 Thread 0x00000231ef961000 Exception <a 'java/lang/NoSuchMethodError'{0x00000000a47c2d10}: 'int java.lang.invoke.DirectMethodHandle$Holder.invokeInterface(java.lang.Object, java.lang.Object, java.lang.Object, java.lang.Object)'> (0x00000000a47c2d10) thrown at [./src/hotspot/share/interpreter/linkResolver.cpp, line 773]
Event: 55.753 Thread 0x00000231ef961000 Exception <a 'java/lang/NoSuchMethodError'{0x00000000a75f7e20}: 'void java.lang.invoke.DirectMethodHandle$Holder.invokeInterface(java.lang.Object, java.lang.Object, java.lang.Object, java.lang.Object)'> (0x00000000a75f7e20) thrown at [./src/hotspot/share/interpreter/linkResolver.cpp, line 773]
Event: 56.296 Thread 0x00000231ef961000 Exception <a 'java/lang/IncompatibleClassChangeError'{0x00000000a6b9b230}: Found class java.lang.Object, but interface was expected> (0x00000000a6b9b230) thrown at [./src/hotspot/share/interpreter/linkResolver.cpp, line 839]
Event: 56.602 Thread 0x00000231ef961000 Implicit null exception at 0x00000231e07c7a54 to 0x00000231e07c7c38
Event: 56.602 Thread 0x00000231ef961000 Implicit null exception at 0x00000231e06e68ec to 0x00000231e06e8478
Event: 57.158 Thread 0x00000231ef961000 Implicit null exception at 0x00000231e064a10b to 0x00000231e064a1e4
Event: 57.319 Thread 0x00000231ef961000 Implicit null exception at 0x00000231e064462c to 0x00000231e06447da
Event: 57.694 Thread 0x00000231ef961000 Exception <a 'sun/nio/fs/WindowsException'{0x00000000a6f2b200}> (0x00000000a6f2b200) thrown at [./src/hotspot/share/prims/jni.cpp, line 615]

Events (20 events):
Event: 58.976 loading class com/android/build/gradle/internal/ProguardFilesProvider
Event: 58.976 loading class com/android/build/gradle/internal/ProguardFilesProvider done
Event: 58.977 loading class com/android/build/gradle/internal/dsl/BuildType$PostProcessingConfiguration
Event: 58.977 loading class com/android/build/gradle/internal/dsl/BuildType$PostProcessingConfiguration done
Event: 58.978 loading class sun/reflect/annotation/AnnotationInvocationHandler$1
Event: 59.040 loading class sun/reflect/annotation/AnnotationInvocationHandler$1 done
Event: 59.041 loading class kotlin/collections/ArrayAsCollection
Event: 59.041 loading class kotlin/collections/ArrayAsCollection done
Event: 59.052 loading class com/android/build/gradle/internal/dsl/BuildType$Companion
Event: 59.052 loading class com/android/build/gradle/internal/dsl/BuildType$Companion done
Event: 59.054 loading class com/android/builder/core/AbstractBuildType$Companion
Event: 59.054 loading class com/android/builder/core/AbstractBuildType$Companion done
Event: 59.061 loading class com/android/build/gradle/internal/ProguardFileType
Event: 59.061 loading class com/android/build/gradle/internal/ProguardFileType done
Event: 59.062 loading class com/android/builder/model/CodeShrinker
Event: 59.062 loading class com/android/builder/model/CodeShrinker done
Event: 59.065 loading class com/android/build/gradle/ProguardFiles$ProguardFile
Event: 59.065 loading class com/android/build/gradle/ProguardFiles$ProguardFile done
Event: 59.065 loading class com/android/build/gradle/ProguardFiles
Event: 59.065 loading class com/android/build/gradle/ProguardFiles done


Dynamic libraries:
0x00007ff68cb30000 - 0x00007ff68cb3a000 	C:\Program Files\Android\Android Studio\jre\bin\java.exe
0x00007ffda8a10000 - 0x00007ffda8c08000 	C:\WINDOWS\SYSTEM32\ntdll.dll
0x00007ffda7ec0000 - 0x00007ffda7f7f000 	C:\WINDOWS\System32\KERNEL32.DLL
0x00007ffda6660000 - 0x00007ffda6932000 	C:\WINDOWS\System32\KERNELBASE.dll
0x00007ffda3100000 - 0x00007ffda3190000 	C:\WINDOWS\SYSTEM32\apphelp.dll
0x00007ffda64d0000 - 0x00007ffda65d0000 	C:\WINDOWS\System32\ucrtbase.dll
0x00007ffd9cad0000 - 0x00007ffd9cae9000 	C:\Program Files\Android\Android Studio\jre\bin\jli.dll
0x00007ffd9bf00000 - 0x00007ffd9bf17000 	C:\Program Files\Android\Android Studio\jre\bin\VCRUNTIME140.dll
0x00007ffda8110000 - 0x00007ffda82b1000 	C:\WINDOWS\System32\USER32.dll
0x00007ffda64a0000 - 0x00007ffda64c2000 	C:\WINDOWS\System32\win32u.dll
0x00007ffda80e0000 - 0x00007ffda810b000 	C:\WINDOWS\System32\GDI32.dll
0x00007ffda6200000 - 0x00007ffda630f000 	C:\WINDOWS\System32\gdi32full.dll
0x00007ffda6110000 - 0x00007ffda61ad000 	C:\WINDOWS\System32\msvcp_win.dll
0x00007ffd8e2f0000 - 0x00007ffd8e58a000 	C:\WINDOWS\WinSxS\amd64_microsoft.windows.common-controls_6595b64144ccf1df_6.0.19041.1110_none_60b5254171f9507e\COMCTL32.dll
0x00007ffda6a70000 - 0x00007ffda6b0e000 	C:\WINDOWS\System32\msvcrt.dll
0x00007ffda7a40000 - 0x00007ffda7a70000 	C:\WINDOWS\System32\IMM32.DLL
0x00007ffd815a0000 - 0x00007ffd8163d000 	C:\Program Files\Android\Android Studio\jre\bin\msvcp140.dll
0x00007ffd4e6c0000 - 0x00007ffd4f195000 	C:\Program Files\Android\Android Studio\jre\bin\server\jvm.dll
0x00007ffda7e10000 - 0x00007ffda7ebe000 	C:\WINDOWS\System32\ADVAPI32.dll
0x00007ffda83f0000 - 0x00007ffda848c000 	C:\WINDOWS\System32\sechost.dll
0x00007ffda82c0000 - 0x00007ffda83e4000 	C:\WINDOWS\System32\RPCRT4.dll
0x00007ffda8060000 - 0x00007ffda8068000 	C:\WINDOWS\System32\PSAPI.DLL
0x00007ffd96a10000 - 0x00007ffd96a19000 	C:\WINDOWS\SYSTEM32\WSOCK32.dll
0x00007ffd96620000 - 0x00007ffd96647000 	C:\WINDOWS\SYSTEM32\WINMM.dll
0x00007ffda8070000 - 0x00007ffda80db000 	C:\WINDOWS\System32\WS2_32.dll
0x00007ffd9f2c0000 - 0x00007ffd9f2ca000 	C:\WINDOWS\SYSTEM32\VERSION.dll
0x00007ffda4d20000 - 0x00007ffda4d32000 	C:\WINDOWS\SYSTEM32\kernel.appcore.dll
0x00007ffd9bee0000 - 0x00007ffd9bef1000 	C:\Program Files\Android\Android Studio\jre\bin\verify.dll
0x00007ffda4670000 - 0x00007ffda4854000 	C:\WINDOWS\SYSTEM32\DBGHELP.DLL
0x00007ffd94130000 - 0x00007ffd94165000 	C:\WINDOWS\SYSTEM32\dbgcore.DLL
0x00007ffda65d0000 - 0x00007ffda6652000 	C:\WINDOWS\System32\bcryptPrimitives.dll
0x00007ffd8d600000 - 0x00007ffd8d629000 	C:\Program Files\Android\Android Studio\jre\bin\java.dll
0x00007ffd9cac0000 - 0x00007ffd9cacb000 	C:\Program Files\Android\Android Studio\jre\bin\jimage.dll
0x00007ffd93fd0000 - 0x00007ffd93fe8000 	C:\Program Files\Android\Android Studio\jre\bin\zip.dll
0x00007ffda7070000 - 0x00007ffda77b5000 	C:\WINDOWS\System32\SHELL32.dll
0x00007ffda3e00000 - 0x00007ffda4592000 	C:\WINDOWS\SYSTEM32\windows.storage.dll
0x00007ffda8490000 - 0x00007ffda87e5000 	C:\WINDOWS\System32\combase.dll
0x00007ffda5b70000 - 0x00007ffda5ba0000 	C:\WINDOWS\SYSTEM32\Wldp.dll
0x00007ffda7990000 - 0x00007ffda7a3d000 	C:\WINDOWS\System32\SHCORE.dll
0x00007ffda7850000 - 0x00007ffda78a5000 	C:\WINDOWS\System32\shlwapi.dll
0x00007ffda6050000 - 0x00007ffda606f000 	C:\WINDOWS\SYSTEM32\profapi.dll
0x00007ffd90750000 - 0x00007ffd9076a000 	C:\Program Files\Android\Android Studio\jre\bin\net.dll
0x00007ffd9e920000 - 0x00007ffd9ea2a000 	C:\WINDOWS\SYSTEM32\WINHTTP.dll
0x00007ffda58d0000 - 0x00007ffda593a000 	C:\WINDOWS\system32\mswsock.dll
0x00007ffd8d430000 - 0x00007ffd8d444000 	C:\Program Files\Android\Android Studio\jre\bin\nio.dll
0x00007ffd8a230000 - 0x00007ffd8a257000 	C:\Users\ASUS CORE I5\.gradle\native\e1d6ef7f7dcc3fd88c89a11ec53ec762bb8ba0a96d01ffa2cd45eb1d1d8dd5c5\windows-amd64\native-platform.dll
0x00007ffd73c50000 - 0x00007ffd73d94000 	C:\Users\ASUS CORE I5\.gradle\native\0d407fdbe67a94daf76414ababcb853783967236a71b16ec16e742cd7a986fd3\windows-amd64\native-platform-file-events.dll
0x00007ffd95770000 - 0x00007ffd9577a000 	C:\Program Files\Android\Android Studio\jre\bin\management.dll
0x00007ffd94060000 - 0x00007ffd9406d000 	C:\Program Files\Android\Android Studio\jre\bin\management_ext.dll
0x00007ffda5ad0000 - 0x00007ffda5ae8000 	C:\WINDOWS\SYSTEM32\CRYPTSP.dll
0x00007ffda5110000 - 0x00007ffda5144000 	C:\WINDOWS\system32\rsaenh.dll
0x00007ffda6470000 - 0x00007ffda6497000 	C:\WINDOWS\System32\bcrypt.dll
0x00007ffda6010000 - 0x00007ffda603e000 	C:\WINDOWS\SYSTEM32\USERENV.dll
0x00007ffda5ac0000 - 0x00007ffda5acc000 	C:\WINDOWS\SYSTEM32\CRYPTBASE.dll
0x00007ffda5570000 - 0x00007ffda55ab000 	C:\WINDOWS\SYSTEM32\IPHLPAPI.DLL
0x00007ffda7060000 - 0x00007ffda7068000 	C:\WINDOWS\System32\NSI.dll
0x00007ffd9f2d0000 - 0x00007ffd9f2e7000 	C:\WINDOWS\SYSTEM32\dhcpcsvc6.DLL
0x00007ffd9f3d0000 - 0x00007ffd9f3ed000 	C:\WINDOWS\SYSTEM32\dhcpcsvc.DLL
0x00007ffda5600000 - 0x00007ffda56cb000 	C:\WINDOWS\SYSTEM32\DNSAPI.dll

dbghelp: loaded successfully - version: 4.0.5 - missing functions: none
symbol engine: initialized successfully - sym options: 0x614 - pdb path: .;C:\Program Files\Android\Android Studio\jre\bin;C:\WINDOWS\SYSTEM32;C:\WINDOWS\WinSxS\amd64_microsoft.windows.common-controls_6595b64144ccf1df_6.0.19041.1110_none_60b5254171f9507e;C:\Program Files\Android\Android Studio\jre\bin\server;C:\Users\ASUS CORE I5\.gradle\native\e1d6ef7f7dcc3fd88c89a11ec53ec762bb8ba0a96d01ffa2cd45eb1d1d8dd5c5\windows-amd64;C:\Users\ASUS CORE I5\.gradle\native\0d407fdbe67a94daf76414ababcb853783967236a71b16ec16e742cd7a986fd3\windows-amd64

VM Arguments:
jvm_args: --add-opens=java.base/java.util=ALL-UNNAMED --add-opens=java.base/java.lang=ALL-UNNAMED --add-opens=java.base/java.lang.invoke=ALL-UNNAMED --add-opens=java.base/java.util=ALL-UNNAMED --add-opens=java.prefs/java.util.prefs=ALL-UNNAMED --add-opens=java.prefs/java.util.prefs=ALL-UNNAMED --add-opens=java.base/java.nio.charset=ALL-UNNAMED --add-opens=java.base/java.net=ALL-UNNAMED --add-opens=java.base/java.util.concurrent.atomic=ALL-UNNAMED -Xmx1536M -Dfile.encoding=windows-1252 -Duser.country=FR -Duser.language=fr -Duser.variant 
java_command: org.gradle.launcher.daemon.bootstrap.GradleDaemon 7.4
java_class_path (initial): C:\Users\ASUS CORE I5\.gradle\wrapper\dists\gradle-7.4-all\aadb4xli5jkdsnukm30eibyiu\gradle-7.4\lib\gradle-launcher-7.4.jar
Launcher Type: SUN_STANDARD

[Global flags]
     intx CICompilerCount                          = 3                                         {product} {ergonomic}
     uint ConcGCThreads                            = 1                                         {product} {ergonomic}
     uint G1ConcRefinementThreads                  = 4                                         {product} {ergonomic}
   size_t G1HeapRegionSize                         = 1048576                                   {product} {ergonomic}
    uintx GCDrainStackTargetSize                   = 64                                        {product} {ergonomic}
   size_t InitialHeapSize                          = 134217728                                 {product} {ergonomic}
   size_t MarkStackSize                            = 4194304                                   {product} {ergonomic}
   size_t MaxHeapSize                              = 1610612736                                {product} {command line}
   size_t MaxNewSize                               = 965738496                                 {product} {ergonomic}
   size_t MinHeapDeltaBytes                        = 1048576                                   {product} {ergonomic}
    uintx NonNMethodCodeHeapSize                   = 5830732                                {pd product} {ergonomic}
    uintx NonProfiledCodeHeapSize                  = 122913754                              {pd product} {ergonomic}
    uintx ProfiledCodeHeapSize                     = 122913754                              {pd product} {ergonomic}
    uintx ReservedCodeCacheSize                    = 251658240                              {pd product} {ergonomic}
     bool SegmentedCodeCache                       = true                                      {product} {ergonomic}
     bool UseCompressedClassPointers               = true                                 {lp64_product} {ergonomic}
     bool UseCompressedOops                        = true                                 {lp64_product} {ergonomic}
     bool UseG1GC                                  = true                                      {product} {ergonomic}
     bool UseLargePagesIndividualAllocation        = false                                  {pd product} {ergonomic}

Logging:
Log output configuration:
 #0: stdout all=warning uptime,level,tags
 #1: stderr all=off uptime,level,tags

Environment Variables:
JAVA_HOME=C:\Program Files\Android\Android Studio\jre
CLASSPATH=C:\Users\ASUS CORE I5\Desktop\TrackingApp\trackingApp\android\\gradle\wrapper\gradle-wrapper.jar
PATH=C:\Program Files\Common Files\Oracle\Java\javapath;C:\Program Files (x86)\Common Files\Oracle\Java\javapath;C:\Python38\Scripts\;C:\Python38\;C:\Program Files (x86)\Intel\iCLS Client\;C:\Program Files\Intel\iCLS Client\;C:\Windows\system32;C:\Windows;C:\Windows\System32\Wbem;C:\Windows\System32\WindowsPowerShell\v1.0\;C:\Windows\System32\OpenSSH\;C:\Program Files (x86)\NVIDIA Corporation\PhysX\Common;C:\Program Files (x86)\Intel\Intel(R) Management Engine Components\DAL;C:\Program Files\Intel\Intel(R) Management Engine Components\DAL;C:\Program Files (x86)\Intel\Intel(R) Management Engine Components\IPT;C:\Program Files\Intel\Intel(R) Management Engine Components\IPT;C:\ProgramData\chocolatey\bin;C:\WINDOWS\system32;C:\WINDOWS;C:\WINDOWS\System32\Wbem;C:\WINDOWS\System32\WindowsPowerShell\v1.0\;C:\WINDOWS\System32\OpenSSH\;C:\bin;C:\Program Files\Git\cmd;C:\Program Files\Git\mingw64\bin;C:\Program Files\Git\usr\bin;C:\Program Files\nodejs\;C:\Program Files\MongoDB\Server\6.0\bin;C:\Users\ASUS CORE I5\AppData\Local\Programs\Python\Python39\Scripts\;C:\Users\ASUS CORE I5\AppData\Local\Programs\Python\Python39\;C:\Program Files\MySQL\MySQL Shell 8.0\bin\;C:\Users\ASUS CORE I5\AppData\Local\Microsoft\WindowsApps;C:\Program Files\PHP;C:\Program Files\nodejs;C:\Users\ASUS CORE I5\Desktop\ex\dart-sass;C:\Users\ASUS CORE I5\AppData\Local\Programs\Microsoft VS Code\bin;C:\Program Files\MySQL\MySQL Server 8.0\bin;C:\Program Files\Git\bin;C:\Users\ASUS CORE I5\AppData\Roaming\npm;C:\src\flutter\bin;
USERNAME=ASUS CORE I5
OS=Windows_NT
PROCESSOR_IDENTIFIER=Intel64 Family 6 Model 142 Stepping 9, GenuineIntel



---------------  S Y S T E M  ---------------

OS: Windows 10 , 64 bit Build 19041 (10.0.19041.2546)
OS uptime: 12 days 16:22 hours

CPU:total 4 (initial active 4) (2 cores per cpu, 2 threads per core) family 6 model 142 stepping 9 microcode 0xb4, cmov, cx8, fxsr, mmx, sse, sse2, sse3, ssse3, sse4.1, sse4.2, popcnt, avx, avx2, aes, clmul, erms, 3dnowpref, lzcnt, ht, tsc, tscinvbit, bmi1, bmi2, adx, fma

Memory: 4k page, system-wide physical 8071M (595M free)
TotalPageFile size 32647M (AvailPageFile size 0M)
current process WorkingSet (physical memory assigned to process): 325M, peak: 325M
current process commit charge ("private bytes"): 355M, peak: 356M

vm_info: OpenJDK 64-Bit Server VM (11.0.11+9-b60-7590822) for windows-amd64 JRE (11.0.11+9-b60-7590822), built on Jul 29 2021 21:43:44 by "builder" with MS VC++ 14.0 (VS2015)

END.
